Arguments: 
  C:\Program Files\nodejs\node.exe C:\Users\adamc\AppData\Roaming\npm\node_modules\yarn\bin\yarn.js add @openeppelin

PATH: 
  C:\Users\adamc\AppData\Roaming\npm;C:\Program Files\nodejs\;C:\Python310\Scripts\;C:\Python310\;C:\Python39\Scripts\;C:\Python39\;C:\Windows\system32;C:\Windows;C:\Windows\System32\Wbem;C:\Windows\System32\WindowsPowerShell\v1.0\;C:\Windows\System32\OpenSSH\;C:\Program Files (x86)\Intel\Intel(R) Management Engine Components\DAL;C:\Program Files\Intel\Intel(R) Management Engine Components\DAL;C:\Program Files (x86)\NVIDIA Corporation\PhysX\Common;C:\Program Files\NVIDIA Corporation\NVIDIA NvDLISR;C:\Program Files (x86)\Yarn\bin\;C:\ProgramData\chocolatey\bin;C:\WINDOWS\system32;C:\WINDOWS;C:\WINDOWS\System32\Wbem;C:\WINDOWS\System32\WindowsPowerShell\v1.0\;C:\WINDOWS\System32\OpenSSH\;C:\Program Files\PuTTY\;C:\Program Files\dotnet\;C:\Program Files\Git\cmd;C:\Program Files\Docker\Docker\resources\bin;C:\ProgramData\DockerDesktop\version-bin;C:\Program Files\nodejs\;C:\Users\adamc\.cargo\bin;C:\Users\adamc\AppData\Local\Microsoft\WindowsApps;C:\Users\adamc\AppData\Local\atom\bin;C:\Users\adamc\AppData\Local\Yarn\bin;C:\Users\adamc\AppData\Local\Programs\Microsoft VS Code\bin;%USERPROFILE%\AppData\Local\Microsoft\WindowsApps;%USERPROFILE%\.dotnet\tools;C:\Users\adamc\AppData\Roaming\npm;C:\Exercism

Yarn version: 
  1.22.10

Node version: 
  17.2.0

Platform: 
  win32 x64

Trace: 
  Error: https://registry.yarnpkg.com/@openeppelin: Request "https://registry.yarnpkg.com/@openeppelin" returned a 405
      at Request.params.callback [as _callback] (C:\Users\adamc\AppData\Roaming\npm\node_modules\yarn\lib\cli.js:66997:18)
      at Request.self.callback (C:\Users\adamc\AppData\Roaming\npm\node_modules\yarn\lib\cli.js:140662:22)
      at Request.emit (node:events:390:28)
      at Request.<anonymous> (C:\Users\adamc\AppData\Roaming\npm\node_modules\yarn\lib\cli.js:141634:10)
      at Request.emit (node:events:390:28)
      at IncomingMessage.<anonymous> (C:\Users\adamc\AppData\Roaming\npm\node_modules\yarn\lib\cli.js:141556:12)
      at Object.onceWrapper (node:events:509:28)
      at IncomingMessage.emit (node:events:402:35)
      at endReadableNT (node:internal/streams/readable:1343:12)
      at processTicksAndRejections (node:internal/process/task_queues:83:21)

npm manifest: 
  {
    "name": "hardhat-project",
    "dependencies": {
      "@nomicfoundation/hardhat-toolbox": "^2.0.0"
    }
  }

yarn manifest: 
  No manifest

Lockfile: 
  # THIS IS AN AUTOGENERATED FILE. DO NOT EDIT THIS FILE DIRECTLY.
  # yarn lockfile v1
  
  
  "@nomicfoundation/hardhat-toolbox@^2.0.0":
    version "2.0.1"
    resolved "https://registry.yarnpkg.com/@nomicfoundation/hardhat-toolbox/-/hardhat-toolbox-2.0.1.tgz#3d8c620a54df2c0086c9109fb0f987bf29329deb"
    integrity sha512-/pr8m9xlqiNlq6fXv4hEPNwdNwUhysoB2qbDCKqERfPpq34EydUQTC3Vis4aIea8RLwSrU8sDXFdv4TQxYstKw==
